{
"contracts/ERC4907.sol":{"l":{"27":8,"28":6,"29":6,"30":6,"31":6,"39":7,"40":3,"43":4,"52":7,"57":3,"63":1,"64":1,"65":1},"path":"/Users/xuezhao/Documents/GitHub/ERC721_DualRoles/contracts/ERC4907.sol","s":{"1":8,"2":6,"3":6,"4":6,"5":6,"6":7,"7":3,"8":4,"9":7,"10":3,"11":1,"12":1},"b":{"1":[6,2],"2":[3,4]},"f":{"1":45,"2":8,"3":7,"4":7,"5":3,"6":1},"fnMap":{"1":{"name":"constructor","line":17,"loc":{"start":{"line":16,"column":4},"end":{"line":19,"column":5}}},"2":{"name":"setUser","line":26,"loc":{"start":{"line":26,"column":4},"end":{"line":32,"column":4}}},"3":{"name":"userOf","line":38,"loc":{"start":{"line":38,"column":4},"end":{"line":45,"column":4}}},"4":{"name":"userExpires","line":51,"loc":{"start":{"line":51,"column":4},"end":{"line":53,"column":4}}},"5":{"name":"supportsInterface","line":56,"loc":{"start":{"line":56,"column":4},"end":{"line":58,"column":4}}},"6":{"name":"_burn","line":62,"loc":{"start":{"line":62,"column":4},"end":{"line":66,"column":4}}}},"statementMap":{"1":{"start":{"line":27,"column":8},"end":{"line":27,"column":107}},"2":{"start":{"line":28,"column":8},"end":{"line":28,"column":48}},"3":{"start":{"line":29,"column":8},"end":{"line":29,"column":23}},"4":{"start":{"line":30,"column":8},"end":{"line":30,"column":29}},"5":{"start":{"line":31,"column":8},"end":{"line":31,"column":45}},"6":{"start":{"line":39,"column":8},"end":{"line":39,"column":1458}},"7":{"start":{"line":40,"column":12},"end":{"line":40,"column":40}},"8":{"start":{"line":43,"column":12},"end":{"line":43,"column":29}},"9":{"start":{"line":52,"column":8},"end":{"line":52,"column":38}},"10":{"start":{"line":57,"column":8},"end":{"line":57,"column":96}},"11":{"start":{"line":63,"column":8},"end":{"line":63,"column":27}},"12":{"start":{"line":65,"column":8},"end":{"line":65,"column":47}}},"branchMap":{"1":{"line":27,"type":"if","locations":[{"start":{"line":27,"column":8},"end":{"line":27,"column":8}},{"start":{"line":27,"column":8},"end":{"line":27,"column":8}}]},"2":{"line":39,"type":"if","locations":[{"start":{"line":39,"column":8},"end":{"line":39,"column":8}},{"start":{"line":39,"column":8},"end":{"line":39,"column":8}}]}}},
"contracts/ERC4907Demo.sol":{"l":{"13":30,"17":4,"18":1},"path":"/Users/xuezhao/Documents/GitHub/ERC721_DualRoles/contracts/ERC4907Demo.sol","s":{"1":30,"2":4,"3":1},"b":{"1":[1,3]},"f":{"1":45,"2":30,"3":4},"fnMap":{"1":{"name":"constructor","line":10,"loc":{"start":{"line":7,"column":4},"end":{"line":10,"column":31}}},"2":{"name":"mint","line":12,"loc":{"start":{"line":12,"column":4},"end":{"line":14,"column":4}}},"3":{"name":"burn","line":16,"loc":{"start":{"line":16,"column":4},"end":{"line":19,"column":4}}}},"statementMap":{"1":{"start":{"line":13,"column":8},"end":{"line":13,"column":25}},"2":{"start":{"line":17,"column":8},"end":{"line":17,"column":72}},"3":{"start":{"line":18,"column":8},"end":{"line":18,"column":21}}},"branchMap":{"1":{"line":17,"type":"if","locations":[{"start":{"line":17,"column":8},"end":{"line":17,"column":8}},{"start":{"line":17,"column":8},"end":{"line":17,"column":8}}]}}},
"contracts/IERC4907.sol":{"l":{},"path":"/Users/xuezhao/Documents/GitHub/ERC721_DualRoles/contracts/IERC4907.sol","s":{},"b":{},"f":{},"fnMap":{},"statementMap":{},"branchMap":{}}}
