TN:
SF:/Users/xuezhao/Documents/GitHub/ERC721_DualRoles/contracts/ERC4907.sol
FN:17,constructor
FN:26,setUser
FN:38,userOf
FN:51,userExpires
FN:56,supportsInterface
FN:62,_burn
FNF:6
FNH:6
FNDA:45,constructor
FNDA:8,setUser
FNDA:7,userOf
FNDA:7,userExpires
FNDA:3,supportsInterface
FNDA:1,_burn
DA:27,8
DA:28,6
DA:29,6
DA:30,6
DA:31,6
DA:39,7
DA:40,3
DA:43,4
DA:52,7
DA:57,3
DA:63,1
DA:64,1
DA:65,1
LF:13
LH:13
BRDA:27,1,0,6
BRDA:27,1,1,2
BRDA:39,2,0,3
BRDA:39,2,1,4
BRF:4
BRH:4
end_of_record
TN:
SF:/Users/xuezhao/Documents/GitHub/ERC721_DualRoles/contracts/ERC4907Demo.sol
FN:10,constructor
FN:12,mint
FN:16,burn
FNF:3
FNH:3
FNDA:45,constructor
FNDA:30,mint
FNDA:4,burn
DA:13,30
DA:17,4
DA:18,1
LF:3
LH:3
BRDA:17,1,0,1
BRDA:17,1,1,3
BRF:2
BRH:2
end_of_record
TN:
SF:/Users/xuezhao/Documents/GitHub/ERC721_DualRoles/contracts/IERC4907.sol
FNF:0
FNH:0
LF:0
LH:0
BRF:0
BRH:0
end_of_record
